This is pdfTeX, Version 3.14159265-2.6-1.40.18 (TeX Live 2017/Debian) (preloaded format=pdflatex 2020.3.11)  27 SEP 2020 12:48
entering extended mode
 restricted \write18 enabled.
 %&-line parsing enabled.
**coding_report.tex
(./coding_report.tex
LaTeX2e <2017-04-15>
Babel <3.18> and hyphenation patterns for 84 language(s) loaded.
(/usr/share/texlive/texmf-dist/tex/latex/base/report.cls
Document Class: report 2014/09/29 v1.4h Standard LaTeX document class
(/usr/share/texlive/texmf-dist/tex/latex/base/size12.clo
File: size12.clo 2014/09/29 v1.4h Standard LaTeX file (size option)
)
\c@part=\count79
\c@chapter=\count80
\c@section=\count81
\c@subsection=\count82
\c@subsubsection=\count83
\c@paragraph=\count84
\c@subparagraph=\count85
\c@figure=\count86
\c@table=\count87
\abovecaptionskip=\skip41
\belowcaptionskip=\skip42
\bibindent=\dimen102
)
(/usr/share/texlive/texmf-dist/tex/latex/geometry/geometry.sty
Package: geometry 2010/09/12 v5.6 Page Geometry

(/usr/share/texlive/texmf-dist/tex/latex/graphics/keyval.sty
Package: keyval 2014/10/28 v1.15 key=value parser (DPC)
\KV@toks@=\toks14
)
(/usr/share/texlive/texmf-dist/tex/generic/oberdiek/ifpdf.sty
Package: ifpdf 2017/03/15 v3.2 Provides the ifpdf switch
)
(/usr/share/texlive/texmf-dist/tex/generic/oberdiek/ifvtex.sty
Package: ifvtex 2016/05/16 v1.6 Detect VTeX and its facilities (HO)
Package ifvtex Info: VTeX not detected.
)
(/usr/share/texlive/texmf-dist/tex/generic/ifxetex/ifxetex.sty
Package: ifxetex 2010/09/12 v0.6 Provides ifxetex conditional
)
\Gm@cnth=\count88
\Gm@cntv=\count89
\c@Gm@tempcnt=\count90
\Gm@bindingoffset=\dimen103
\Gm@wd@mp=\dimen104
\Gm@odd@mp=\dimen105
\Gm@even@mp=\dimen106
\Gm@layoutwidth=\dimen107
\Gm@layoutheight=\dimen108
\Gm@layouthoffset=\dimen109
\Gm@layoutvoffset=\dimen110
\Gm@dimlist=\toks15
)
(/usr/share/texlive/texmf-dist/tex/latex/graphics/graphicx.sty
Package: graphicx 2017/06/01 v1.1a Enhanced LaTeX Graphics (DPC,SPQR)

(/usr/share/texlive/texmf-dist/tex/latex/graphics/graphics.sty
Package: graphics 2017/06/25 v1.2c Standard LaTeX Graphics (DPC,SPQR)

(/usr/share/texlive/texmf-dist/tex/latex/graphics/trig.sty
Package: trig 2016/01/03 v1.10 sin cos tan (DPC)
)
(/usr/share/texlive/texmf-dist/tex/latex/graphics-cfg/graphics.cfg
File: graphics.cfg 2016/06/04 v1.11 sample graphics configuration
)
Package graphics Info: Driver file: pdftex.def on input line 99.

(/usr/share/texlive/texmf-dist/tex/latex/graphics-def/pdftex.def
File: pdftex.def 2018/01/08 v1.0l Graphics/color driver for pdftex
))
\Gin@req@height=\dimen111
\Gin@req@width=\dimen112
)
(/usr/share/texlive/texmf-dist/tex/latex/hyperref/hyperref.sty
Package: hyperref 2018/02/06 v6.86b Hypertext links for LaTeX

(/usr/share/texlive/texmf-dist/tex/generic/oberdiek/hobsub-hyperref.sty
Package: hobsub-hyperref 2016/05/16 v1.14 Bundle oberdiek, subset hyperref (HO)


(/usr/share/texlive/texmf-dist/tex/generic/oberdiek/hobsub-generic.sty
Package: hobsub-generic 2016/05/16 v1.14 Bundle oberdiek, subset generic (HO)
Package: hobsub 2016/05/16 v1.14 Construct package bundles (HO)
Package: infwarerr 2016/05/16 v1.4 Providing info/warning/error messages (HO)
Package: ltxcmds 2016/05/16 v1.23 LaTeX kernel commands for general use (HO)
Package: ifluatex 2016/05/16 v1.4 Provides the ifluatex switch (HO)
Package ifluatex Info: LuaTeX not detected.
Package hobsub Info: Skipping package `ifvtex' (already loaded).
Package: intcalc 2016/05/16 v1.2 Expandable calculations with integers (HO)
Package hobsub Info: Skipping package `ifpdf' (already loaded).
Package: etexcmds 2016/05/16 v1.6 Avoid name clashes with e-TeX commands (HO)
Package etexcmds Info: Could not find \expanded.
(etexcmds)             That can mean that you are not using pdfTeX 1.50 or
(etexcmds)             that some package has redefined \expanded.
(etexcmds)             In the latter case, load this package earlier.
Package: kvsetkeys 2016/05/16 v1.17 Key value parser (HO)
Package: kvdefinekeys 2016/05/16 v1.4 Define keys (HO)
Package: pdftexcmds 2018/01/21 v0.26 Utility functions of pdfTeX for LuaTeX (HO
)
Package pdftexcmds Info: LuaTeX not detected.
Package pdftexcmds Info: \pdf@primitive is available.
Package pdftexcmds Info: \pdf@ifprimitive is available.
Package pdftexcmds Info: \pdfdraftmode found.
Package: pdfescape 2016/05/16 v1.14 Implements pdfTeX's escape features (HO)
Package: bigintcalc 2016/05/16 v1.4 Expandable calculations on big integers (HO
)
Package: bitset 2016/05/16 v1.2 Handle bit-vector datatype (HO)
Package: uniquecounter 2016/05/16 v1.3 Provide unlimited unique counter (HO)
)
Package hobsub Info: Skipping package `hobsub' (already loaded).
Package: letltxmacro 2016/05/16 v1.5 Let assignment for LaTeX macros (HO)
Package: hopatch 2016/05/16 v1.3 Wrapper for package hooks (HO)
Package: xcolor-patch 2016/05/16 xcolor patch
Package: atveryend 2016/05/16 v1.9 Hooks at the very end of document (HO)
Package atveryend Info: \enddocument detected (standard20110627).
Package: atbegshi 2016/06/09 v1.18 At begin shipout hook (HO)
Package: refcount 2016/05/16 v3.5 Data extraction from label references (HO)
Package: hycolor 2016/05/16 v1.8 Color options for hyperref/bookmark (HO)
)
(/usr/share/texlive/texmf-dist/tex/latex/oberdiek/auxhook.sty
Package: auxhook 2016/05/16 v1.4 Hooks for auxiliary files (HO)
)
(/usr/share/texlive/texmf-dist/tex/latex/oberdiek/kvoptions.sty
Package: kvoptions 2016/05/16 v3.12 Key value format for package options (HO)
)
\@linkdim=\dimen113
\Hy@linkcounter=\count91
\Hy@pagecounter=\count92

(/usr/share/texlive/texmf-dist/tex/latex/hyperref/pd1enc.def
File: pd1enc.def 2018/02/06 v6.86b Hyperref: PDFDocEncoding definition (HO)
)
\Hy@SavedSpaceFactor=\count93

(/usr/share/texlive/texmf-dist/tex/latex/latexconfig/hyperref.cfg
File: hyperref.cfg 2002/06/06 v1.2 hyperref configuration of TeXLive
)
Package hyperref Info: Hyper figures OFF on input line 4509.
Package hyperref Info: Link nesting OFF on input line 4514.
Package hyperref Info: Hyper index ON on input line 4517.
Package hyperref Info: Plain pages OFF on input line 4524.
Package hyperref Info: Backreferencing OFF on input line 4529.
Package hyperref Info: Implicit mode ON; LaTeX internals redefined.
Package hyperref Info: Bookmarks ON on input line 4762.
\c@Hy@tempcnt=\count94

(/usr/share/texlive/texmf-dist/tex/latex/url/url.sty
\Urlmuskip=\muskip10
Package: url 2013/09/16  ver 3.4  Verb mode for urls, etc.
)
LaTeX Info: Redefining \url on input line 5115.
\XeTeXLinkMargin=\dimen114
\Fld@menulength=\count95
\Field@Width=\dimen115
\Fld@charsize=\dimen116
Package hyperref Info: Hyper figures OFF on input line 6369.
Package hyperref Info: Link nesting OFF on input line 6374.
Package hyperref Info: Hyper index ON on input line 6377.
Package hyperref Info: backreferencing OFF on input line 6384.
Package hyperref Info: Link coloring OFF on input line 6389.
Package hyperref Info: Link coloring with OCG OFF on input line 6394.
Package hyperref Info: PDF/A mode OFF on input line 6399.
LaTeX Info: Redefining \ref on input line 6439.
LaTeX Info: Redefining \pageref on input line 6443.
\Hy@abspage=\count96
\c@Item=\count97
\c@Hfootnote=\count98
)
Package hyperref Info: Driver (autodetected): hpdftex.

(/usr/share/texlive/texmf-dist/tex/latex/hyperref/hpdftex.def
File: hpdftex.def 2018/02/06 v6.86b Hyperref driver for pdfTeX
\Fld@listcount=\count99
\c@bookmark@seq@number=\count100

(/usr/share/texlive/texmf-dist/tex/latex/oberdiek/rerunfilecheck.sty
Package: rerunfilecheck 2016/05/16 v1.8 Rerun checks for auxiliary files (HO)
Package uniquecounter Info: New unique counter `rerunfilecheck' on input line 2
82.
)
\Hy@SectionHShift=\skip43
)
(/usr/share/texlive/texmf-dist/tex/latex/float/float.sty
Package: float 2001/11/08 v1.3d Float enhancements (AL)
\c@float@type=\count101
\float@exts=\toks16
\float@box=\box26
\@float@everytoks=\toks17
\@floatcapt=\box27
)
(/usr/share/texlive/texmf-dist/tex/latex/wrapfig/wrapfig.sty
\wrapoverhang=\dimen117
\WF@size=\dimen118
\c@WF@wrappedlines=\count102
\WF@box=\box28
\WF@everypar=\toks18
Package: wrapfig 2003/01/31  v 3.6
)
(/usr/share/texlive/texmf-dist/tex/latex/lipsum/lipsum.sty
Package: lipsum 2014/07/27 v1.3 150 paragraphs of Lorem Ipsum dummy text
\c@lips@count=\count103
)
(/usr/share/texlive/texmf-dist/tex/latex/caption/subcaption.sty
Package: subcaption 2016/05/22 v1.1-161 Sub-captions (AR)

(/usr/share/texlive/texmf-dist/tex/latex/caption/caption.sty
Package: caption 2016/02/21 v3.3-144 Customizing captions (AR)

(/usr/share/texlive/texmf-dist/tex/latex/caption/caption3.sty
Package: caption3 2016/05/22 v1.7-166 caption3 kernel (AR)
Package caption3 Info: TeX engine: e-TeX on input line 67.
\captionmargin=\dimen119
\captionmargin@=\dimen120
\captionwidth=\dimen121
\caption@tempdima=\dimen122
\caption@indent=\dimen123
\caption@parindent=\dimen124
\caption@hangindent=\dimen125
)
\c@ContinuedFloat=\count104
Package caption Info: float package is loaded.
Package caption Info: hyperref package is loaded.
Package caption Info: wrapfig package is loaded.
)
\c@subfigure=\count105
\c@subtable=\count106
)
(/usr/share/texlive/texmf-dist/tex/latex/adjustbox/adjustbox.sty
Package: adjustbox 2012/05/21 v1.0 Adjusting TeX boxes (trim, clip, ...)

(/usr/share/texlive/texmf-dist/tex/latex/xkeyval/xkeyval.sty
Package: xkeyval 2014/12/03 v2.7a package option processing (HA)

(/usr/share/texlive/texmf-dist/tex/generic/xkeyval/xkeyval.tex
(/usr/share/texlive/texmf-dist/tex/generic/xkeyval/xkvutils.tex
\XKV@toks=\toks19
\XKV@tempa@toks=\toks20
)
\XKV@depth=\count107
File: xkeyval.tex 2014/12/03 v2.7a key=value parser (HA)
))
(/usr/share/texlive/texmf-dist/tex/latex/adjustbox/adjcalc.sty
Package: adjcalc 2012/05/16 v1.1 Provides advanced setlength with multiple back
-ends (calc, etex, pgfmath)
)
(/usr/share/texlive/texmf-dist/tex/latex/adjustbox/trimclip.sty
Package: trimclip 2012/05/16 v1.0 Trim and clip general TeX material

(/usr/share/texlive/texmf-dist/tex/latex/collectbox/collectbox.sty
Package: collectbox 2012/05/17 v0.4b Collect macro arguments as boxes
\collectedbox=\box29
)
\tc@llx=\dimen126
\tc@lly=\dimen127
\tc@urx=\dimen128
\tc@ury=\dimen129
Package trimclip Info: Using driver 'tc-pdftex.def'.

(/usr/share/texlive/texmf-dist/tex/latex/adjustbox/tc-pdftex.def
File: tc-pdftex.def 2012/05/13 v1.0 Clipping driver for pdftex
))
\adjbox@Width=\dimen130
\adjbox@Height=\dimen131
\adjbox@Depth=\dimen132
\adjbox@Totalheight=\dimen133

(/usr/share/texlive/texmf-dist/tex/latex/ifoddpage/ifoddpage.sty
Package: ifoddpage 2016/04/23 v1.1 Conditionals for odd/even page detection
\c@checkoddpage=\count108
)
(/usr/share/texlive/texmf-dist/tex/latex/varwidth/varwidth.sty
Package: varwidth 2009/03/30 ver 0.92;  Variable-width minipages
\@vwid@box=\box30
\sift@deathcycles=\count109
\@vwid@loff=\dimen134
\@vwid@roff=\dimen135
))
(./coding_report.aux

LaTeX Warning: Label `fig:photos' multiply defined.


LaTeX Warning: Label `fig:QsP1' multiply defined.


LaTeX Warning: Label `fig:QsP2' multiply defined.

)
\openout1 = `coding_report.aux'.

LaTeX Font Info:    Checking defaults for OML/cmm/m/it on input line 47.
LaTeX Font Info:    ... okay on input line 47.
LaTeX Font Info:    Checking defaults for T1/cmr/m/n on input line 47.
LaTeX Font Info:    ... okay on input line 47.
LaTeX Font Info:    Checking defaults for OT1/cmr/m/n on input line 47.
LaTeX Font Info:    ... okay on input line 47.
LaTeX Font Info:    Checking defaults for OMS/cmsy/m/n on input line 47.
LaTeX Font Info:    ... okay on input line 47.
LaTeX Font Info:    Checking defaults for OMX/cmex/m/n on input line 47.
LaTeX Font Info:    ... okay on input line 47.
LaTeX Font Info:    Checking defaults for U/cmr/m/n on input line 47.
LaTeX Font Info:    ... okay on input line 47.
LaTeX Font Info:    Checking defaults for PD1/pdf/m/n on input line 47.
LaTeX Font Info:    ... okay on input line 47.

*geometry* driver: auto-detecting
*geometry* detected driver: pdftex
*geometry* verbose mode - [ preamble ] result:
* driver: pdftex
* paper: a4paper
* layout: <same size as paper>
* layoutoffset:(h,v)=(0.0pt,0.0pt)
* modes: 
* h-part:(L,W,R)=(89.62709pt, 418.25368pt, 89.6271pt)
* v-part:(T,H,B)=(101.40665pt, 591.5302pt, 152.11pt)
* \paperwidth=597.50787pt
* \paperheight=845.04684pt
* \textwidth=418.25368pt
* \textheight=591.5302pt
* \oddsidemargin=17.3571pt
* \evensidemargin=17.3571pt
* \topmargin=-7.86334pt
* \headheight=12.0pt
* \headsep=25.0pt
* \topskip=12.0pt
* \footskip=30.0pt
* \marginparwidth=44.0pt
* \marginparsep=10.0pt
* \columnsep=10.0pt
* \skip\footins=10.8pt plus 4.0pt minus 2.0pt
* \hoffset=0.0pt
* \voffset=0.0pt
* \mag=1000
* \@twocolumnfalse
* \@twosidefalse
* \@mparswitchfalse
* \@reversemarginfalse
* (1in=72.27pt=25.4mm, 1cm=28.453pt)

(/usr/share/texlive/texmf-dist/tex/context/base/mkii/supp-pdf.mkii
[Loading MPS to PDF converter (version 2006.09.02).]
\scratchcounter=\count110
\scratchdimen=\dimen136
\scratchbox=\box31
\nofMPsegments=\count111
\nofMParguments=\count112
\everyMPshowfont=\toks21
\MPscratchCnt=\count113
\MPscratchDim=\dimen137
\MPnumerator=\count114
\makeMPintoPDFobject=\count115
\everyMPtoPDFconversion=\toks22
) (/usr/share/texlive/texmf-dist/tex/latex/oberdiek/epstopdf-base.sty
Package: epstopdf-base 2016/05/15 v2.6 Base part for package epstopdf

(/usr/share/texlive/texmf-dist/tex/latex/oberdiek/grfext.sty
Package: grfext 2016/05/16 v1.2 Manage graphics extensions (HO)
)
Package epstopdf-base Info: Redefining graphics rule for `.eps' on input line 4
38.
Package grfext Info: Graphics extension search list:
(grfext)             [.pdf,.png,.jpg,.eps]
(grfext)             \AppendGraphicsExtensions on input line 456.

(/usr/share/texlive/texmf-dist/tex/latex/latexconfig/epstopdf-sys.cfg
File: epstopdf-sys.cfg 2010/07/13 v1.3 Configuration of (r)epstopdf for TeX Liv
e
))
\AtBeginShipoutBox=\box32
Package hyperref Info: Link coloring OFF on input line 47.

(/usr/share/texlive/texmf-dist/tex/latex/hyperref/nameref.sty
Package: nameref 2016/05/21 v2.44 Cross-referencing by name of section

(/usr/share/texlive/texmf-dist/tex/generic/oberdiek/gettitlestring.sty
Package: gettitlestring 2016/05/16 v1.5 Cleanup title references (HO)
)
\c@section@level=\count116
)
LaTeX Info: Redefining \ref on input line 47.
LaTeX Info: Redefining \pageref on input line 47.
LaTeX Info: Redefining \nameref on input line 47.

(./coding_report.out) (./coding_report.out)
\@outlinefile=\write3
\openout3 = `coding_report.out'.

Package caption Info: Begin \AtBeginDocument code.
Package caption Info: End \AtBeginDocument code.
<images/LU.pdf, id=76, 799.57161pt x 106.16362pt>
File: images/LU.pdf Graphic file (type pdf)
<use images/LU.pdf>
Package pdftex.def Info: images/LU.pdf  used on input line 61.
(pdftex.def)             Requested size: 292.77629pt x 38.8733pt.
LaTeX Font Info:    External font `cmex10' loaded for size
(Font)              <12> on input line 77.
LaTeX Font Info:    External font `cmex10' loaded for size
(Font)              <8> on input line 77.
LaTeX Font Info:    External font `cmex10' loaded for size
(Font)              <6> on input line 77.
<images/BC.pdf, id=77, 727.53024pt x 231.81284pt>
File: images/BC.pdf Graphic file (type pdf)
<use images/BC.pdf>
Package pdftex.def Info: images/BC.pdf  used on input line 80.
(pdftex.def)             Requested size: 117.1105pt x 37.31364pt.
 [1

{/var/lib/texmf/fonts/map/pdftex/updmap/pdftex.map} <./images/LU.pdf> <./images
/BC.pdf>] (./coding_report.toc)
\tf@toc=\write4
\openout4 = `coding_report.toc'.

pdfTeX warning (ext4): destination with the same identifier (name{page.1}) has 
been already used, duplicate ignored
<to be read again> 
                   \relax 
l.93 \newpage
              % Begins the essay on a new page instead of on the same page a...
[1

]
Chapter 1.
Missing character: There is no â in font cmr12!
Missing character: There is no € in font cmr12!
Missing character: There is no ˜ in font cmr12!
Missing character: There is no â in font cmr12!
Missing character: There is no € in font cmr12!
Missing character: There is no ™ in font cmr12!
[2

]
LaTeX Font Info:    Try loading font information for OMS+cmr on input line 109.

 (/usr/share/texlive/texmf-dist/tex/latex/base/omscmr.fd
File: omscmr.fd 2014/09/29 v2.5h Standard LaTeX font definitions
)
LaTeX Font Info:    Font shape `OMS/cmr/m/n' in size <12> not available
(Font)              Font shape `OMS/cmsy/m/n' tried instead on input line 109.
 [3]
Chapter 2.

Overfull \hbox (48.79353pt too wide) in paragraph at lines 127--154
 [][] 
 []


Overfull \hbox (39.55891pt too wide) in paragraph at lines 162--192
 [][] 
 []

[4

] [5]

pdfTeX warning: pdflatex (file ./images/PinnedMap-crop.pdf): PDF inclusion: fou
nd PDF version <1.7>, but at most version <1.5> allowed
<images/PinnedMap-crop.pdf, id=150, 454.69875pt x 570.13pt>
File: images/PinnedMap-crop.pdf Graphic file (type pdf)
<use images/PinnedMap-crop.pdf>
Package pdftex.def Info: images/PinnedMap-crop.pdf  used on input line 205.
(pdftex.def)             Requested size: 414.07343pt x 519.2019pt.
<images/rang2.jpg, id=151, 2007.5pt x 1340.00626pt>
File: images/rang2.jpg Graphic file (type jpg)
<use images/rang2.jpg>
Package pdftex.def Info: images/rang2.jpg  used on input line 216.
(pdftex.def)             Requested size: 192.39949pt x 128.42648pt.
<images/_TMT7018.jpg, id=152, 2007.5pt x 1340.00626pt>
File: images/_TMT7018.jpg Graphic file (type jpg)
<use images/_TMT7018.jpg>
Package pdftex.def Info: images/_TMT7018.jpg  used on input line 220.
(pdftex.def)             Requested size: 192.39949pt x 128.42648pt.
<images/rang1.jpg, id=153, 2007.5pt x 1340.00626pt>
File: images/rang1.jpg Graphic file (type jpg)
<use images/rang1.jpg>
Package pdftex.def Info: images/rang1.jpg  used on input line 225.
(pdftex.def)             Requested size: 192.39949pt x 128.42648pt.
<images/rang3.jpg, id=154, 2007.5pt x 1340.00626pt>
File: images/rang3.jpg Graphic file (type jpg)
<use images/rang3.jpg>
Package pdftex.def Info: images/rang3.jpg  used on input line 229.
(pdftex.def)             Requested size: 192.39949pt x 128.42648pt.
<images/_TMT4176.jpg, id=155, 2007.5pt x 1340.00626pt>
File: images/_TMT4176.jpg Graphic file (type jpg)
<use images/_TMT4176.jpg>
Package pdftex.def Info: images/_TMT4176.jpg  used on input line 235.
(pdftex.def)             Requested size: 192.39949pt x 128.42648pt.
<images/_TMT7302.jpg, id=156, 2007.5pt x 1340.00626pt>
File: images/_TMT7302.jpg Graphic file (type jpg)
<use images/_TMT7302.jpg>
Package pdftex.def Info: images/_TMT7302.jpg  used on input line 239.
(pdftex.def)             Requested size: 192.39949pt x 128.42648pt.
<images/_TM20868.jpg, id=157, 2007.5pt x 1340.00626pt>
File: images/_TM20868.jpg Graphic file (type jpg)
<use images/_TM20868.jpg>
Package pdftex.def Info: images/_TM20868.jpg  used on input line 244.
(pdftex.def)             Requested size: 192.39949pt x 128.42648pt.
<images/_TM20980.jpg, id=158, 2007.5pt x 1340.00626pt>
File: images/_TM20980.jpg Graphic file (type jpg)
<use images/_TM20980.jpg>
Package pdftex.def Info: images/_TM20980.jpg  used on input line 248.
(pdftex.def)             Requested size: 192.39949pt x 128.42648pt.
[6]

LaTeX Warning: Text page 7 contains only floats.


Overfull \vbox (0.47159pt too high) has occurred while \output is active []


[7 <./images/PinnedMap-crop.pdf>]

LaTeX Warning: Text page 8 contains only floats.

[8 <./images/rang2.jpg> <./images/_TMT7018.jpg> <./images/rang1.jpg> <./images/
rang3.jpg> <./images/_TMT4176.jpg> <./images/_TMT7302.jpg> <./images/_TM20868.j
pg> <./images/_TM20980.jpg>]
<testing/gender.pdf, id=184, 350.5095pt x 242.02045pt>
File: testing/gender.pdf Graphic file (type pdf)
<use testing/gender.pdf>
Package pdftex.def Info: testing/gender.pdf  used on input line 261.
(pdftex.def)             Requested size: 250.95476pt x 173.28333pt.
<testing/AgeDistribution.pdf, id=186, 562.82205pt x 385.50023pt>
File: testing/AgeDistribution.pdf Graphic file (type pdf)
<use testing/AgeDistribution.pdf>
Package pdftex.def Info: testing/AgeDistribution.pdf  used on input line 271.
(pdftex.def)             Requested size: 271.86234pt x 186.20857pt.
 [9 <./testing/gender.pdf>] [10 <./testing/AgeDistribution.pdf>] [11]
<images/quotes-crop.pdf, id=333, 437.635pt x 699.61375pt>
File: images/quotes-crop.pdf Graphic file (type pdf)
<use images/quotes-crop.pdf>
Package pdftex.def Info: images/quotes-crop.pdf  used on input line 312.
(pdftex.def)             Requested size: 355.51817pt x 568.34938pt.


LaTeX Warning: Float too large for page by 4.21912pt on input line 315.

<testing/bar_WorkshopFeedback.pdf, id=334, 602.42313pt x 392.20116pt>
File: testing/bar_WorkshopFeedback.pdf Graphic file (type pdf)
<use testing/bar_WorkshopFeedback.pdf>
Package pdftex.def Info: testing/bar_WorkshopFeedback.pdf  used on input line 3
20.
(pdftex.def)             Requested size: 355.51817pt x 231.45651pt.
<testing/bar_CanDoCoding.pdf, id=335, 574.9298pt x 392.20116pt>
File: testing/bar_CanDoCoding.pdf Graphic file (type pdf)
<use testing/bar_CanDoCoding.pdf>
Package pdftex.def Info: testing/bar_CanDoCoding.pdf  used on input line 328.
(pdftex.def)             Requested size: 355.51817pt x 242.53383pt.
<testing/bar_CodingInterest.pdf, id=336, 574.9298pt x 436.39752pt>
File: testing/bar_CodingInterest.pdf Graphic file (type pdf)
<use testing/bar_CodingInterest.pdf>
Package pdftex.def Info: testing/bar_CodingInterest.pdf  used on input line 336
.
(pdftex.def)             Requested size: 355.51817pt x 269.86449pt.
<testing/bar_CodingImportance.pdf, id=337, 574.9298pt x 436.39752pt>
File: testing/bar_CodingImportance.pdf Graphic file (type pdf)
<use testing/bar_CodingImportance.pdf>
Package pdftex.def Info: testing/bar_CodingImportance.pdf  used on input line 3
44.
(pdftex.def)             Requested size: 355.51817pt x 269.86449pt.
<testing/bar_CodedBefore.pdf, id=338, 602.42313pt x 392.20116pt>
File: testing/bar_CodedBefore.pdf Graphic file (type pdf)
<use testing/bar_CodedBefore.pdf>
Package pdftex.def Info: testing/bar_CodedBefore.pdf  used on input line 351.
(pdftex.def)             Requested size: 313.69025pt x 204.22704pt.
<testing/bar_Want_to_LearnMoreCoding.pdf, id=339, 602.42313pt x 392.20116pt>
File: testing/bar_Want_to_LearnMoreCoding.pdf Graphic file (type pdf)
<use testing/bar_Want_to_LearnMoreCoding.pdf>
Package pdftex.def Info: testing/bar_Want_to_LearnMoreCoding.pdf  used on input
 line 358.
(pdftex.def)             Requested size: 313.69025pt x 204.22704pt.
<testing/bar_ITaccess.pdf, id=340, 602.42313pt x 414.29935pt>
File: testing/bar_ITaccess.pdf Graphic file (type pdf)
<use testing/bar_ITaccess.pdf>
Package pdftex.def Info: testing/bar_ITaccess.pdf  used on input line 365.
(pdftex.def)             Requested size: 418.25368pt x 287.64325pt.
<testing/bar_UseComputersOften.png, id=341, 602.37045pt x 414.22755pt>
File: testing/bar_UseComputersOften.png Graphic file (type png)
<use testing/bar_UseComputersOften.png>
Package pdftex.def Info: testing/bar_UseComputersOften.png  used on input line 
372.
(pdftex.def)             Requested size: 418.25368pt x 287.625pt.
<testing/bar_VisitLibraryBefore.pdf, id=343, 602.42313pt x 414.29935pt>
File: testing/bar_VisitLibraryBefore.pdf Graphic file (type pdf)
<use testing/bar_VisitLibraryBefore.pdf>
Package pdftex.def Info: testing/bar_VisitLibraryBefore.pdf  used on input line
 380.
(pdftex.def)             Requested size: 418.25368pt x 287.64325pt.
<revisedformplots/bar_libraryvisitactivities.pdf, id=344, 603.4112pt x 392.2011
6pt>
File: revisedformplots/bar_libraryvisitactivities.pdf Graphic file (type pdf)
<use revisedformplots/bar_libraryvisitactivities.pdf>
Package pdftex.def Info: revisedformplots/bar_libraryvisitactivities.pdf  used 
on input line 387.
(pdftex.def)             Requested size: 418.25368pt x 271.8519pt.
<revisedformplots/bar_libraryvisitdevices.pdf, id=345, 603.4112pt x 392.20116pt
>
File: revisedformplots/bar_libraryvisitdevices.pdf Graphic file (type pdf)
<use revisedformplots/bar_libraryvisitdevices.pdf>
Package pdftex.def Info: revisedformplots/bar_libraryvisitdevices.pdf  used on 
input line 394.
(pdftex.def)             Requested size: 418.25368pt x 271.8519pt.
<testing/bar_DesireLibraryVisit.pdf, id=346, 602.42313pt x 436.39752pt>
File: testing/bar_DesireLibraryVisit.pdf Graphic file (type pdf)
<use testing/bar_DesireLibraryVisit.pdf>
Package pdftex.def Info: testing/bar_DesireLibraryVisit.pdf  used on input line
 401.
(pdftex.def)             Requested size: 418.25368pt x 302.98576pt.
<revisedformplots/bar_usedevices.pdf, id=347, 603.4112pt x 392.20116pt>
File: revisedformplots/bar_usedevices.pdf Graphic file (type pdf)
<use revisedformplots/bar_usedevices.pdf>
Package pdftex.def Info: revisedformplots/bar_usedevices.pdf  used on input lin
e 409.
(pdftex.def)             Requested size: 418.25368pt x 271.8519pt.
<testing/AppRatings.pdf, id=348, 523.61559pt x 603.75563pt>
File: testing/AppRatings.pdf Graphic file (type pdf)
<use testing/AppRatings.pdf>
Package pdftex.def Info: testing/AppRatings.pdf  used on input line 417.
(pdftex.def)             Requested size: 376.42575pt x 434.04962pt.
<revisedformplots/bar_kanoexp.pdf, id=349, 603.4112pt x 392.20116pt>
File: revisedformplots/bar_kanoexp.pdf Graphic file (type pdf)
<use revisedformplots/bar_kanoexp.pdf>
Package pdftex.def Info: revisedformplots/bar_kanoexp.pdf  used on input line 4
24.
(pdftex.def)             Requested size: 292.77629pt x 190.29512pt.
<revisedformplots/bar_challenge.pdf, id=352, 603.4112pt x 414.29935pt>
File: revisedformplots/bar_challenge.pdf Graphic file (type pdf)
<use revisedformplots/bar_challenge.pdf>
Package pdftex.def Info: revisedformplots/bar_challenge.pdf  used on input line
 431.
(pdftex.def)             Requested size: 292.77629pt x 201.01712pt.
[12] [13 <./images/quotes-crop.pdf>] [14 <./testing/bar_WorkshopFeedback.pdf>]
[15 <./testing/bar_CanDoCoding.pdf>] [16 <./testing/bar_CodingInterest.pdf>]
[17 <./testing/bar_CodingImportance.pdf>] [18 <./testing/bar_CodedBefore.pdf> <
./testing/bar_Want_to_LearnMoreCoding.pdf

pdfTeX warning: pdflatex (file ./testing/bar_Want_to_LearnMoreCoding.pdf): PDF 
inclusion: multiple pdfs with page group included in a single page
>] [19 <./testing/bar_ITaccess.pdf>] [20 <./testing/bar_UseComputersOften.png>]
[21 <./testing/bar_VisitLibraryBefore.pdf>] [22 <./revisedformplots/bar_library
visitactivities.pdf>] [23 <./revisedformplots/bar_libraryvisitdevices.pdf>]
[24 <./testing/bar_DesireLibraryVisit.pdf>] [25 <./revisedformplots/bar_usedevi
ces.pdf>] [26 <./testing/AppRatings.pdf>] [27 <./revisedformplots/bar_kanoexp.p
df> <./revisedformplots/bar_challenge.pdf

pdfTeX warning: pdflatex (file ./revisedformplots/bar_challenge.pdf): PDF inclu
sion: multiple pdfs with page group included in a single page
>]
Chapter 3.
<images/codeclub.jpeg, id=1112, 475.7775pt x 237.88875pt>
File: images/codeclub.jpeg Graphic file (type jpg)
<use images/codeclub.jpeg>
Package pdftex.def Info: images/codeclub.jpeg  used on input line 446.
(pdftex.def)             Requested size: 292.77629pt x 146.39326pt.
[28

 <./images/codeclub.jpeg>] [29]
Chapter 4.
<doyourbit/DYBlogo.pdf, id=1121, 672.5125pt x 159.59625pt>
File: doyourbit/DYBlogo.pdf Graphic file (type pdf)
<use doyourbit/DYBlogo.pdf>
Package pdftex.def Info: doyourbit/DYBlogo.pdf  used on input line 469.
(pdftex.def)             Requested size: 292.77629pt x 69.4798pt.
[30

 <./doyourbit/DYBlogo.pdf>]
Overfull \hbox (10.03418pt too wide) in paragraph at lines 503--518
 [][] 
 []

<doyourbit/dyb_coxsbazar_s_22.jpg, id=1131, 2055.68pt x 1370.11874pt>
File: doyourbit/dyb_coxsbazar_s_22.jpg Graphic file (type jpg)
<use doyourbit/dyb_coxsbazar_s_22.jpg>
Package pdftex.def Info: doyourbit/dyb_coxsbazar_s_22.jpg  used on input line 5
35.
(pdftex.def)             Requested size: 192.39949pt x 128.21834pt.
<doyourbit/dyb_coxsbazar_s_17.jpg, id=1132, 2055.68pt x 1608.0075pt>
File: doyourbit/dyb_coxsbazar_s_17.jpg Graphic file (type jpg)
<use doyourbit/dyb_coxsbazar_s_17.jpg>
Package pdftex.def Info: doyourbit/dyb_coxsbazar_s_17.jpg  used on input line 5
39.
(pdftex.def)             Requested size: 192.39949pt x 150.48044pt.
<doyourbit/dyb_coxsbazar_s_23.jpg, id=1133, 2055.68pt x 1370.11874pt>
File: doyourbit/dyb_coxsbazar_s_23.jpg Graphic file (type jpg)
<use doyourbit/dyb_coxsbazar_s_23.jpg>
Package pdftex.def Info: doyourbit/dyb_coxsbazar_s_23.jpg  used on input line 5
44.
(pdftex.def)             Requested size: 192.39949pt x 128.21834pt.
<doyourbit/dyb_coxsbazar_s_25.jpg, id=1134, 2055.68pt x 1370.11874pt>
File: doyourbit/dyb_coxsbazar_s_25.jpg Graphic file (type jpg)
<use doyourbit/dyb_coxsbazar_s_25.jpg>
Package pdftex.def Info: doyourbit/dyb_coxsbazar_s_25.jpg  used on input line 5
48.
(pdftex.def)             Requested size: 192.39949pt x 128.21834pt.
<doyourbit/dyb_coxsbazar_s_28.jpg, id=1135, 2055.68pt x 1370.11874pt>
File: doyourbit/dyb_coxsbazar_s_28.jpg Graphic file (type jpg)
<use doyourbit/dyb_coxsbazar_s_28.jpg>
Package pdftex.def Info: doyourbit/dyb_coxsbazar_s_28.jpg  used on input line 5
54.
(pdftex.def)             Requested size: 192.39949pt x 128.21834pt.
<doyourbit/dyb_coxsbazar_s_32.jpg, id=1136, 2055.68pt x 1248.665pt>
File: doyourbit/dyb_coxsbazar_s_32.jpg Graphic file (type jpg)
<use doyourbit/dyb_coxsbazar_s_32.jpg>
Package pdftex.def Info: doyourbit/dyb_coxsbazar_s_32.jpg  used on input line 5
58.
(pdftex.def)             Requested size: 192.39949pt x 116.85246pt.
<doyourbit/dyb_coxsbazar_s_40.jpg, id=1137, 2055.68pt x 1370.11874pt>
File: doyourbit/dyb_coxsbazar_s_40.jpg Graphic file (type jpg)
<use doyourbit/dyb_coxsbazar_s_40.jpg>
Package pdftex.def Info: doyourbit/dyb_coxsbazar_s_40.jpg  used on input line 5
63.
(pdftex.def)             Requested size: 192.39949pt x 128.21834pt.
<doyourbit/dyb_coxsbazar_s_41.jpg, id=1138, 2055.68pt x 1370.11874pt>
File: doyourbit/dyb_coxsbazar_s_41.jpg Graphic file (type jpg)
<use doyourbit/dyb_coxsbazar_s_41.jpg>
Package pdftex.def Info: doyourbit/dyb_coxsbazar_s_41.jpg  used on input line 5
67.
(pdftex.def)             Requested size: 192.39949pt x 128.21834pt.
[31]
<doyourbit/pie_gender.pdf, id=1145, 362.55452pt x 244.7544pt>
File: doyourbit/pie_gender.pdf Graphic file (type pdf)
<use doyourbit/pie_gender.pdf>
Package pdftex.def Info: doyourbit/pie_gender.pdf  used on input line 580.
(pdftex.def)             Requested size: 250.95476pt x 169.41475pt.
<doyourbit/AgeDistribution.pdf, id=1147, 403.56711pt x 283.374pt>
File: doyourbit/AgeDistribution.pdf Graphic file (type pdf)
<use doyourbit/AgeDistribution.pdf>
Package pdftex.def Info: doyourbit/AgeDistribution.pdf  used on input line 590.

(pdftex.def)             Requested size: 292.77629pt x 205.5814pt.
 [32]
<doyourbit/bar_workshopexp.pdf, id=1165, 603.4112pt x 392.20116pt>
File: doyourbit/bar_workshopexp.pdf Graphic file (type pdf)
<use doyourbit/bar_workshopexp.pdf>
Package pdftex.def Info: doyourbit/bar_workshopexp.pdf  used on input line 630.

(pdftex.def)             Requested size: 355.51817pt x 231.0735pt.
<doyourbit/bar_candocoding.pdf, id=1166, 575.55713pt x 392.20116pt>
File: doyourbit/bar_candocoding.pdf Graphic file (type pdf)
<use doyourbit/bar_candocoding.pdf>
Package pdftex.def Info: doyourbit/bar_candocoding.pdf  used on input line 638.

(pdftex.def)             Requested size: 355.51817pt x 242.27051pt.
<doyourbit/bar_codinginterest.pdf, id=1167, 575.55713pt x 436.39752pt>
File: doyourbit/bar_codinginterest.pdf Graphic file (type pdf)
<use doyourbit/bar_codinginterest.pdf>
Package pdftex.def Info: doyourbit/bar_codinginterest.pdf  used on input line 6
46.
(pdftex.def)             Requested size: 355.51817pt x 269.57149pt.
<doyourbit/bar_techsolve.pdf, id=1168, 575.55713pt x 392.20116pt>
File: doyourbit/bar_techsolve.pdf Graphic file (type pdf)
<use doyourbit/bar_techsolve.pdf>
Package pdftex.def Info: doyourbit/bar_techsolve.pdf  used on input line 654.
(pdftex.def)             Requested size: 418.25368pt x 285.01779pt.
<doyourbit/bar_knowsdgs.pdf, id=1169, 575.55713pt x 392.20116pt>
File: doyourbit/bar_knowsdgs.pdf Graphic file (type pdf)
<use doyourbit/bar_knowsdgs.pdf>
Package pdftex.def Info: doyourbit/bar_knowsdgs.pdf  used on input line 661.
(pdftex.def)             Requested size: 418.25368pt x 285.01779pt.
<doyourbit/bar_knowsdg1415.pdf, id=1170, 575.55713pt x 392.20116pt>
File: doyourbit/bar_knowsdg1415.pdf Graphic file (type pdf)
<use doyourbit/bar_knowsdg1415.pdf>
Package pdftex.def Info: doyourbit/bar_knowsdg1415.pdf  used on input line 668.

(pdftex.def)             Requested size: 418.25368pt x 285.01779pt.
<doyourbit/bar_sdgimportant.pdf, id=1171, 575.55713pt x 436.39752pt>
File: doyourbit/bar_sdgimportant.pdf Graphic file (type pdf)
<use doyourbit/bar_sdgimportant.pdf>
Package pdftex.def Info: doyourbit/bar_sdgimportant.pdf  used on input line 675
.
(pdftex.def)             Requested size: 418.25368pt x 317.13588pt.
 [33] [34 <./doyourbit/dyb_coxsbazar_s_22.jpg> <./doyourbit/dyb_coxsbazar_s_17.
jpg> <./doyourbit/dyb_coxsbazar_s_23.jpg> <./doyourbit/dyb_coxsbazar_s_25.jpg> 
<./doyourbit/dyb_coxsbazar_s_28.jpg> <./doyourbit/dyb_coxsbazar_s_32.jpg> <./do
yourbit/dyb_coxsbazar_s_40.jpg> <./doyourbit/dyb_coxsbazar_s_41.jpg>]
[35 <./doyourbit/pie_gender.pdf> <./doyourbit/AgeDistribution.pdf

pdfTeX warning: pdflatex (file ./doyourbit/AgeDistribution.pdf): PDF inclusion:
 multiple pdfs with page group included in a single page
>] [36 <./doyourbit/bar_workshopexp.pdf>] [37 <./doyourbit/bar_candocoding.pdf>
] [38 <./doyourbit/bar_codinginterest.pdf>] [39 <./doyourbit/bar_techsolve.pdf>
] [40 <./doyourbit/bar_knowsdgs.pdf>] [41 <./doyourbit/bar_knowsdg1415.pdf>]
[42 <./doyourbit/bar_sdgimportant.pdf>]
Chapter 5.


pdfTeX warning: pdflatex (file ./images/QuestionnaireP1.pdf): PDF inclusion: fo
und PDF version <1.7>, but at most version <1.5> allowed
<images/QuestionnaireP1.pdf, id=1564, 597.6729pt x 844.83629pt>
File: images/QuestionnaireP1.pdf Graphic file (type pdf)
<use images/QuestionnaireP1.pdf>
Package pdftex.def Info: images/QuestionnaireP1.pdf  used on input line 723.
(pdftex.def)             Requested size: 409.88681pt x 579.4055pt.

LaTeX Warning: Float too large for page by 32.67519pt on input line 726.



pdfTeX warning: pdflatex (file ./images/QuestionnaireP2.pdf): PDF inclusion: fo
und PDF version <1.7>, but at most version <1.5> allowed
<images/QuestionnaireP2.pdf, id=1565, 597.6729pt x 844.83629pt>
File: images/QuestionnaireP2.pdf Graphic file (type pdf)
<use images/QuestionnaireP2.pdf>
Package pdftex.def Info: images/QuestionnaireP2.pdf  used on input line 732.
(pdftex.def)             Requested size: 409.88681pt x 579.4055pt.

LaTeX Warning: Float too large for page by 32.67519pt on input line 735.



pdfTeX warning: pdflatex (file ./doyourbit/Questionnaire_DoYourBit_Pre_bengali.
pdf): PDF inclusion: found PDF version <1.7>, but at most version <1.5> allowed

<doyourbit/Questionnaire_DoYourBit_Pre_bengali.pdf, id=1566, 597.6729pt x 844.8
3629pt>
File: doyourbit/Questionnaire_DoYourBit_Pre_bengali.pdf Graphic file (type pdf)

<use doyourbit/Questionnaire_DoYourBit_Pre_bengali.pdf>
Package pdftex.def Info: doyourbit/Questionnaire_DoYourBit_Pre_bengali.pdf  use
d on input line 739.
(pdftex.def)             Requested size: 409.88681pt x 579.4055pt.

LaTeX Warning: Float too large for page by 32.67519pt on input line 742.



pdfTeX warning: pdflatex (file ./doyourbit/Questionnaire_DoYourBit_Post_bengali
.pdf): PDF inclusion: found PDF version <1.7>, but at most version <1.5> allowe
d
<doyourbit/Questionnaire_DoYourBit_Post_bengali.pdf, id=1567, 597.6729pt x 844.
83629pt>
File: doyourbit/Questionnaire_DoYourBit_Post_bengali.pdf Graphic file (type pdf
)
<use doyourbit/Questionnaire_DoYourBit_Post_bengali.pdf>
Package pdftex.def Info: doyourbit/Questionnaire_DoYourBit_Post_bengali.pdf  us
ed on input line 748.
(pdftex.def)             Requested size: 409.88681pt x 579.4055pt.

LaTeX Warning: Float too large for page by 32.67519pt on input line 751.

Package atveryend Info: Empty hook `BeforeClearDocument' on input line 753.
[43

] [44 <./images/QuestionnaireP1.pdf>] [45 <./images/QuestionnaireP2.pdf>]
[46 <./doyourbit/Questionnaire_DoYourBit_Pre_bengali.pdf>] [47 <./doyourbit/Que
stionnaire_DoYourBit_Post_bengali.pdf>]
Package atveryend Info: Empty hook `AfterLastShipout' on input line 753.
 (./coding_report.aux)
Package atveryend Info: Executing hook `AtVeryEndDocument' on input line 753.
Package atveryend Info: Executing hook `AtEndAfterFileList' on input line 753.
Package rerunfilecheck Info: File `coding_report.out' has not changed.
(rerunfilecheck)             Checksum: C48E2A32A58C2E01890D79E83D69C132;1168.


LaTeX Warning: There were multiply-defined labels.

Package atveryend Info: Empty hook `AtVeryVeryEnd' on input line 753.
 ) 
Here is how much of TeX's memory you used:
 8050 strings out of 492982
 127845 string characters out of 6134896
 340942 words of memory out of 5000000
 11372 multiletter control sequences out of 15000+600000
 9316 words of font info for 33 fonts, out of 8000000 for 9000
 1141 hyphenation exceptions out of 8191
 42i,8n,77p,1256b,480s stack positions out of 5000i,500n,10000p,200000b,80000s
</usr/share/texlive/texmf-dist/fonts/type1/public/amsfonts/cm/cmbx12.pfb></us
r/share/texlive/texmf-dist/fonts/type1/public/amsfonts/cm/cmmi12.pfb></usr/shar
e/texlive/texmf-dist/fonts/type1/public/amsfonts/cm/cmr10.pfb></usr/share/texli
ve/texmf-dist/fonts/type1/public/amsfonts/cm/cmr12.pfb></usr/share/texlive/texm
f-dist/fonts/type1/public/amsfonts/cm/cmsy10.pfb></usr/share/texlive/texmf-dist
/fonts/type1/public/amsfonts/cm/cmti12.pfb></usr/share/texlive/texmf-dist/fonts
/type1/public/amsfonts/cm/cmtt12.pfb>
Output written on coding_report.pdf (48 pages, 10260312 bytes).
PDF statistics:
 1893 PDF objects out of 2073 (max. 8388607)
 778 compressed objects within 8 object streams
 105 named destinations out of 1000 (max. 500000)
 410 words of extra memory for PDF output out of 10000 (max. 10000000)

